C:\Users\Gaz\Desktop\old work\startcraft beta\starcraft\functions.ew:92 in function position_collision_free() 
subscript value 2 is out of bounds, reading from a sequence of length 0 
    line_number = 136
    x = 48'0'
    y = 128
    mode = 0
    x1 = 48'0'
    y1 = 128
    left1 = 1
    top1 = 8
    right1 = 14
    bottom1 = 12
    offsetx1 = 8
    offsety1 = 8
    x2 = <no value>
    y2 = <no value>
    left2 = <no value>
    top2 = <no value>
    right2 = <no value>
    bottom2 = <no value>
    offsetx2 = <no value>
    offsety2 = <no value>
    checking = 0
    image_single = <no value>
    width = <no value>
    height = <no value>
    row = 2
    col = 1
    image1 = <no value>
    image2 = <no value>
    temp_info = <no value>
    i = <no value>

... called from C:\Users\Gaz\Desktop\old work\startcraft beta\starcraft\functions.ew:375 in procedure move_outside_solid()  
    index = 136
    dir = 250
    max_distance = 100'd'
    x = 48'0'
    y = 128
    xx = <no value>
    yy = <no value>
    i = <no value>

... called from C:\Users\Gaz\Desktop\old work\startcraft beta\starcraft\starcraft.exw:600 in procedure obj_vce_events()  
    event = 28
    target_x = <no value>
    target_y = <no value>
    selected = <no value>
    temp_w = <no value>
    temp_h = <no value>
    x = <no value>
    y = <no value>
    direction = <no value>

... called from C:\Users\Gaz\Desktop\old work\startcraft beta\starcraft\event.ew:306 in procedure game_step()  
    found = <no value>
    i = <no value>
    i = <no value>
    i = 21
    i = 136
    i = <no value>
    i = <no value>
    i = <no value>
    i = <no value>

... called from C:\Users\Gaz\Desktop\old work\startcraft beta\starcraft\starcraft.exw:1103 


Global & Local Variables

 C:\EUPHORIA\include\machine.e:
    mem = 33450960
    check_calls = 1

 C:\EUPHORIA\include\get.e:
    input_file = <no value>
    input_string = {56'8',54'6',52'4',10}
    string_next = 5
    ch = 10

 C:\Users\Gaz\Desktop\old work\startcraft beta\starcraft\euallegro.ew:
    AllegroLib = 1738276864
    cpu_family = 6
    cpu_model = 14
    cpu_capabilities = 2879
    cpu_vendor = {71'G',101'e',110'n',117'u',105'i',110'n',101'e',73'I',110'n',
116't',101'e',108'l'}
    os_type = 1464751136
    os_version = 6
    os_revision = 2
    os_multitasking = 1
    my_set_window_close_button = 1
    my_set_window_close_hook = 2
    my_win_get_window = 3
    my_file_select_ex = 4
    user32 = 1958477824
    xMoveWindow = 5
    my_errno_ptr = 1722168
    num_joysticks = -1
    my_screen = 1738981476
    screen = 125527536
    SCREEN_W = 640
    SCREEN_H = 480
    VIRTUAL_W = 640
    VIRTUAL_H = 480
    GFX_DRIVER_NAME = {68'D',105'i',114'r',101'e',99'c',116't',68'D',114'r',
97'a',119'w',32' ',119'w',105'i',110'n',100'd',111'o',119'w'}

 C:\Users\Gaz\Desktop\old work\startcraft beta\starcraft\euPPCol.ew:
    euPPColLib = 268435456
    my_check_pp_collision = 290
    my_create_ppcol_mask = 291
    my_destroy_ppcol_mask = 292
    my_check_ppmask_collision = 293
    my_check_bb_collision_general = 294
    my_check_bb_collision_bmp = 295
    my_check_bb_collision_mask = 296
    my_ppcol_version_str = 297
    my_check_pp_collision_amount = 298
    my_check_ppmask_collision_amount = 299

 C:\EUPHORIA\include\misc.e:
    pretty_end_col = <no value>
    pretty_chars = <no value>
    pretty_start_col = <no value>
    pretty_level = <no value>
    pretty_file = <no value>
    pretty_ascii = <no value>
    pretty_indent = <no value>
    pretty_ascii_min = <no value>
    pretty_ascii_max = <no value>
    pretty_line_count = <no value>
    pretty_line_max = <no value>
    pretty_dots = <no value>
    pretty_fp_format = <no value>
    pretty_int_format = <no value>
    pretty_line = <no value>

 C:\Users\Gaz\Desktop\old work\startcraft beta\starcraft\starcraft.exw:
    junk = {
             {-2.449212708e-016,-0.01745240644,-0.0348994967,-0.05233595624,
-0.06975647374,-0.08715574275,-0.1045284633,-0.1218693434,-0.139173101,-0.156434465,
-0.1736481777,-0.1908089954,-0.2079116908,-0.2249510543,-0.2419218956,-0.2588190451,
-0.2756373558,-0.2923717047,-0.3090169944,-0.3255681545,-0.3420201433,-0.3583679495,
-0.3746065934,-0.3907311285,-0.4067366431,-0.4226182617,-0.4383711468,-0.4539904997,
-0.4694715628,-0.4848096202,-0.5,-0.5150380749,-0.5299192642,-0.544639035,
-0.5591929035,-0.5735764364,-0.5877852523,-0.6018150232,-0.6156614753,-0.629320391,
-0.6427876097,-0.656059029,-0.6691306064,-0.6819983601,-0.6946583705,-0.7071067812,
-0.7193398003,-0.7313537016,-0.7431448255,-0.7547095802,-0.7660444431,-0.7771459615,
-0.7880107536,-0.79863551,-0.8090169944,-0.8191520443,-0.8290375726,-0.8386705679,
-0.8480480962,-0.8571673007,-0.8660254038,-0.8746197071,-0.8829475929,-0.8910065242,
-0.8987940463,-0.906307787,-0.9135454576,-0.9205048535,-0.9271838546,-0.9335804265,
-0.9396926208,-0.9455185756,-0.9510565163,-0.956304756,-0.9612616959,-0.9659258263,
-0.9702957263,-0.9743700648,-0.9781476007,-0.9816271834,-0.984807753,-0.9876883406,
-0.9902680687,-0.9925461516,-0.9945218954,-0.9961946981,-0.9975640503,-0.9986295348,
-0.999390827,-0.9998476952,-1,-0.9998476952,-0.999390827,-0.9986295348,-0.9975640503,
-0.9961946981,-0.9945218954,-0.9925461516,-0.9902680687,-0.9876883406,-0.984807753,
-0.9816271834,-0.9781476007,-0.9743700648,-0.9702957263,-0.9659258263,-0.9612616959,
-0.956304756,-0.9510565163,-0.9455185756,-0.9396926208,-0.9335804265,-0.9271838546,
-0.9205048535,-0.9135454576,-0.906307787,-0.8987940463,-0.8910065242,-0.8829475929,
-0.8746197071,-0.8660254038,-0.8571673007,-0.8480480962,-0.8386705679,-0.8290375726,
-0.8191520443,-0.8090169944,-0.79863551,-0.7880107536,-0.7771459615,-0.7660444431,
-0.7547095802,-0.7431448255,-0.7313537016,-0.7193398003,-0.7071067812,-0.6946583705,
-0.6819983601,-0.6691306064,-0.656059029,-0.6427876097,-0.629320391,-0.6156614753,
-0.6018150232,-0.5877852523,-0.5735764364,-0.5591929035,-0.544639035,-0.5299192642,
-0.5150380749,-0.5,-0.4848096202,-0.4694715628,-0.4539904997,-0.4383711468,
-0.4226182617,-0.4067366431,-0.3907311285,-0.3746065934,-0.3583679495,-0.3420201433,
-0.3255681545,-0.3090169944,-0.2923717047,-0.2756373558,-0.2588190451,-0.2419218956,
-0.2249510543,-0.2079116908,-0.1908089954,-0.1736481777,-0.156434465,-0.139173101,
-0.1218693434,-0.1045284633,-0.08715574275,-0.06975647374,-0.05233595624,
-0.0348994967,-0.01745240644,1.224606354e-016,0.01745240644,0.0348994967,
0.05233595624,0.06975647374,0.08715574275,0.1045284633,0.1218693434,0.139173101,
0.156434465,0.1736481777,0.1908089954,0.2079116908,0.2249510543,0.2419218956,
0.2588190451,0.2756373558,0.2923717047,0.3090169944,0.3255681545,0.3420201433,
0.3583679495,0.3746065934,0.3907311285,0.4067366431,0.4226182617,0.4383711468,
0.4539904997,0.4694715628,0.4848096202,0.5,0.5150380749,0.5299192642,0.544639035,
0.5591929035,0.5735764364,0.5877852523,0.6018150232,0.6156614753,0.629320391,
0.6427876097,0.656059029,0.6691306064,0.6819983601,0.6946583705,0.7071067812,
0.7193398003,0.7313537016,0.7431448255,0.7547095802,0.7660444431,0.7771459615,
0.7880107536,0.79863551,0.8090169944,0.8191520443,0.8290375726,0.8386705679,
0.8480480962,0.8571673007,0.8660254038,0.8746197071,0.8829475929,0.8910065242,
0.8987940463,0.906307787,0.9135454576,0.9205048535,0.9271838546,0.9335804265,
0.9396926208,0.9455185756,0.9510565163,0.956304756,0.9612616959,0.9659258263,
0.9702957263,0.9743700648,0.9781476007,0.9816271834,0.984807753,0.9876883406,
0.9902680687,0.9925461516,0.9945218954,0.9961946981,0.9975640503,0.9986295348,
0.999390827,0.9998476952,1,0.9998476952,0.999390827,0.9986295348,0.9975640503,
0.9961946981,0.9945218954,0.9925461516,0.9902680687,0.9876883406,0.984807753,
0.9816271834,0.9781476007,0.9743700648,0.9702957263,0.9659258263,0.9612616959,
0.956304756,0.9510565163,0.9455185756,0.9396926208,0.9335804265,0.9271838546,
0.9205048535,0.9135454576,0.906307787,0.8987940463,0.8910065242,0.8829475929,
0.8746197071,0.8660254038,0.8571673007,0.8480480962,0.8386705679,0.8290375726,
0.8191520443,0.8090169944,0.79863551,0.7880107536,0.7771459615,0.7660444431,
0.7547095802,0.7431448255,0.7313537016,0.7193398003,0.7071067812,0.6946583705,
0.6819983601,0.6691306064,0.656059029,0.6427876097,0.629320391,0.6156614753,
0.6018150232,0.5877852523,0.5735764364,0.5591929035,0.544639035,0.5299192642,
0.5150380749,0.5,0.4848096202,0.4694715628,0.4539904997,0.4383711468,0.4226182617,
0.4067366431,0.3907311285,0.3746065934,0.3583679495,0.3420201433,0.3255681545,
0.3090169944,0.2923717047,0.2756373558,0.2588190451,0.2419218956,0.2249510543,
0.2079116908,0.1908089954,0.1736481777,0.156434465,0.139173101,0.1218693434,
0.1045284633,0.08715574275,0.06975647374,0.05233595624,0.0348994967,0.01745240644,
0},
             {1,0.9998476952,0.999390827,0.9986295348,0.9975640503,0.9961946981,
0.9945218954,0.9925461516,0.9902680687,0.9876883406,0.984807753,0.9816271834,
0.9781476007,0.9743700648,0.9702957263,0.9659258263,0.9612616959,0.956304756,
0.9510565163,0.9455185756,0.9396926208,0.9335804265,0.9271838546,0.9205048535,
0.9135454576,0.906307787,0.8987940463,0.8910065242,0.8829475929,0.8746197071,
0.8660254038,0.8571673007,0.8480480962,0.8386705679,0.8290375726,0.8191520443,
0.8090169944,0.79863551,0.7880107536,0.7771459615,0.7660444431,0.7547095802,
0.7431448255,0.7313537016,0.7193398003,0.7071067812,0.6946583705,0.6819983601,
0.6691306064,0.656059029,0.6427876097,0.629320391,0.6156614753,0.6018150232,
0.5877852523,0.5735764364,0.5591929035,0.544639035,0.5299192642,0.5150380749,
0.5,0.4848096202,0.4694715628,0.4539904997,0.4383711468,0.4226182617,0.4067366431,
0.3907311285,0.3746065934,0.3583679495,0.3420201433,0.3255681545,0.3090169944,
0.2923717047,0.2756373558,0.2588190451,0.2419218956,0.2249510543,0.2079116908,
0.1908089954,0.1736481777,0.156434465,0.139173101,0.1218693434,0.1045284633,
0.08715574275,0.06975647374,0.05233595624,0.0348994967,0.01745240644,-1.836909531e-016,
-0.01745240644,-0.0348994967,-0.05233595624,-0.06975647374,-0.08715574275,
-0.1045284633,-0.1218693434,-0.139173101,-0.156434465,-0.1736481777,-0.1908089954,
-0.2079116908,-0.2249510543,-0.2419218956,-0.2588190451,-0.2756373558,-0.2923717047,
-0.3090169944,-0.3255681545,-0.3420201433,-0.3583679495,-0.3746065934,-0.3907311285,
-0.4067366431,-0.4226182617,-0.4383711468,-0.4539904997,-0.4694715628,-0.4848096202,
-0.5,-0.5150380749,-0.5299192642,-0.544639035,-0.5591929035,-0.5735764364,
-0.5877852523,-0.6018150232,-0.6156614753,-0.629320391,-0.6427876097,-0.656059029,
-0.6691306064,-0.6819983601,-0.6946583705,-0.7071067812,-0.7193398003,-0.7313537016,
-0.7431448255,-0.7547095802,-0.7660444431,-0.7771459615,-0.7880107536,-0.79863551,
-0.8090169944,-0.8191520443,-0.8290375726,-0.8386705679,-0.8480480962,-0.8571673007,
-0.8660254038,-0.8746197071,-0.8829475929,-0.8910065242,-0.8987940463,-0.906307787,
-0.9135454576,-0.9205048535,-0.9271838546,-0.9335804265,-0.9396926208,-0.9455185756,
-0.9510565163,-0.956304756,-0.9612616959,-0.9659258263,-0.9702957263,-0.9743700648,
-0.9781476007,-0.9816271834,-0.984807753,-0.9876883406,-0.9902680687,-0.9925461516,
-0.9945218954,-0.9961946981,-0.9975640503,-0.9986295348,-0.999390827,-0.9998476952,
-1,-0.9998476952,-0.999390827,-0.9986295348,-0.9975640503,-0.9961946981,
-0.9945218954,-0.9925461516,-0.9902680687,-0.9876883406,-0.984807753,-0.9816271834,
-0.9781476007,-0.9743700648,-0.9702957263,-0.9659258263,-0.9612616959,-0.956304756,
-0.9510565163,-0.9455185756,-0.9396926208,-0.9335804265,-0.9271838546,-0.9205048535,
-0.9135454576,-0.906307787,-0.8987940463,-0.8910065242,-0.8829475929,-0.8746197071,
-0.8660254038,-0.8571673007,-0.8480480962,-0.8386705679,-0.8290375726,-0.8191520443,
-0.8090169944,-0.79863551,-0.7880107536,-0.7771459615,-0.7660444431,-0.7547095802,
-0.7431448255,-0.7313537016,-0.7193398003,-0.7071067812,-0.6946583705,-0.6819983601,
-0.6691306064,-0.656059029,-0.6427876097,-0.629320391,-0.6156614753,-0.6018150232,
-0.5877852523,-0.5735764364,-0.5591929035,-0.544639035,-0.5299192642,-0.5150380749,
-0.5,-0.4848096202,-0.4694715628,-0.4539904997,-0.4383711468,-0.4226182617,
-0.4067366431,-0.3907311285,-0.3746065934,-0.3583679495,-0.3420201433,-0.3255681545,
-0.3090169944,-0.2923717047,-0.2756373558,-0.2588190451,-0.2419218956,-0.2249510543,
-0.2079116908,-0.1908089954,-0.1736481777,-0.156434465,-0.139173101,-0.1218693434,
-0.1045284633,-0.08715574275,-0.06975647374,-0.05233595624,-0.0348994967,
-0.01745240644,6.123031769e-017,0.01745240644,0.0348994967,0.05233595624,
0.06975647374,0.08715574275,0.1045284633,0.1218693434,0.139173101,0.156434465,
0.1736481777,0.1908089954,0.2079116908,0.2249510543,0.2419218956,0.2588190451,
0.2756373558,0.2923717047,0.3090169944,0.3255681545,0.3420201433,0.3583679495,
0.3746065934,0.3907311285,0.4067366431,0.4226182617,0.4383711468,0.4539904997,
0.4694715628,0.4848096202,0.5,0.5150380749,0.5299192642,0.544639035,0.5591929035,
0.5735764364,0.5877852523,0.6018150232,0.6156614753,0.629320391,0.6427876097,
0.656059029,0.6691306064,0.6819983601,0.6946583705,0.7071067812,0.7193398003,
0.7313537016,0.7431448255,0.7547095802,0.7660444431,0.7771459615,0.7880107536,
0.79863551,0.8090169944,0.8191520443,0.8290375726,0.8386705679,0.8480480962,
0.8571673007,0.8660254038,0.8746197071,0.8829475929,0.8910065242,0.8987940463,
0.906307787,0.9135454576,0.9205048535,0.9271838546,0.9335804265,0.9396926208,
0.9455185756,0.9510565163,0.956304756,0.9612616959,0.9659258263,0.9702957263,
0.9743700648,0.9781476007,0.9816271834,0.984807753,0.9876883406,0.9902680687,
0.9925461516,0.9945218954,0.9961946981,0.9975640503,0.9986295348,0.999390827,
0.9998476952,1}
           }
    j = 0
    buffer = 125554000
    the_palette = 32849328
    ret = 155
    view_left = 0
    view_top = 0
    window_width = 640
    window_height = 480
    room_width = 1280
    room_height = 960
    mouse_global_pressed = 1
    mouse_global_releasd = 0
    self = 136
    other = <no value>
    collision_index = <no value>
    count_collision = 0
    view_scroll_rate = 16
    game_mode = 1
    mousex = 358
    mousey = 150
    view_mousex = 358
    view_mousey = 150
    fps1 = 48'0'
    fps2 = 446
    timer1 = 3.44
    time1 = 495
    limit = 40'('
    wait = 410813
    mouse_left_pressed = 1
    mouse_right_pressed = 0
    mouse_button = 1
    mouse_startx = 358
    mouse_starty = 150
    mouse_selecting = 1

 C:\Users\Gaz\Desktop\old work\startcraft beta\starcraft\sprites.ew:
    sprite_info = {
                    {
                      {125580968},
                      0,
                      32' ',
                      64'@',
                      5,
                      47'/',
                      27,
                      59';',
                      16,
                      51'3',
                      2,
                      {5,47'/',27,59';'},
                      0,
                      1
                    },
                    {
                      {37516064,37516744,37516880,37514704,37516200,37516336},
                      5,
                      16,
                      16,
                      0,
                      2,
                      8,
                      7,
                      8,
                      8,
                      0,
                      {0,0,0,0},
                      0,
                      1
                    },
                    {
                      {37514568,37514840,37516472},
                      2,
                      16,
                      16,
                      0,
                      2,
                      15,
                      12,
                      8,
                      3,
                      0,
                      {0,0,0,0},
                      0,
                      1
                    },
                    {
                      {37517152,37517288,37514432},
                      2,
                      16,
                      16,
                      4,
                      8,
                      12,
                      12,
                      8,
                      8,
                      2,
                      {4,8,12,12},
                      0,
                      1
                    },
                    {
                      {126241080,126241760,126239992},
                      2,
                      16,
                      16,
                      4,
                      8,
                      12,
                      12,
                      8,
                      8,
                      2,
                      {4,8,12,12},
                      0,
                      1
                    },
                    {
                      {126241624,126239856,126241352},
                      2,
                      16,
                      16,
                      4,
                      8,
                      12,
                      12,
                      8,
                      8,
                      2,
                      {4,8,12,12},
                      0,
                      1
                    },
                    {
                      {126240944,126239312,126241216},
                      2,
                      16,
                      16,
                      4,
                      8,
                      12,
                      12,
                      8,
                      8,
                      2,
                      {4,8,12,12},
                      0,
                      1
                    },
                    {
                      {126239720,126240128,126239040},
                      2,
                      16,
                      16,
                      4,
                      8,
                      12,
                      12,
                      8,
                      8,
                      2,
                      {4,8,12,12},
                      0,
                      1
                    },
                    {
                      {126238224,126241488,126240264},
                      2,
                      16,
                      16,
                      4,
                      8,
                      12,
                      12,
                      8,
                      8,
                      2,
                      {4,8,12,12},
                      0,
                      1
                    },
                    {
                      {126239176,126238768,126240400},
                      2,
                      16,
                      16,
                      4,
                      8,
                      12,
                      12,
                      8,
                      8,
                      2,
                      {4,8,12,12},
                      0,
                      1
                    },
                    {
                      {126238904,126240536,126240672},
                      2,
                      16,
                      16,
                      4,
                      8,
                      12,
                      12,
                      8,
                      8,
                      2,
                      {4,8,12,12},
                      0,
                      1
                    },
                    {
                      {126238360,126239448},
                      1,
                      16,
                      16,
                      1,
                      8,
                      14,
                      12,
                      8,
                      8,
                      2,
                      {1,8,14,12},
                      0,
                      1
                    },
                    {
                      {126238496,126240808},
                      1,
                      16,
                      16,
                      1,
                      8,
                      14,
                      12,
                      8,
                      8,
                      2,
                      {1,8,14,12},
                      0,
                      1
                    },
                    {
                      {126239584,126234280},
                      1,
                      16,
                      16,
                      1,
                      8,
                      14,
                      12,
                      8,
                      8,
                      2,
                      {1,8,14,12},
                      0,
                      1
                    },
                    {
                      {126238632,126236048},
                      1,
                      16,
                      16,
                      1,
                      8,
                      14,
                      12,
                      8,
                      8,
                      2,
                      {1,8,14,12},
                      0,
                      1
                    },
                    {
                      {126237952,126237136},
                      1,
                      16,
                      16,
                      1,
                      8,
                      14,
                      12,
                      8,
                      8,
                      2,
                      {1,8,14,12},
                      0,
                      1
                    },
                    {
                      {126234552,126236864},
                      1,
                      16,
                      16,
                      1,
                      8,
                      14,
                      12,
                      8,
                      8,
                      2,
                      {1,8,14,12},
                      0,
                      1
                    },
                    {
                      {126234416,126236184},
                      1,
                      16,
                      16,
                      1,
                      8,
                      14,
                      12,
                      8,
                      8,
                      2,
                      {1,8,14,12},
                      0,
                      1
                    },
                    {
                      {126235096,126233872},
                      1,
                      16,
                      16,
                      1,
                      8,
                      14,
                      12,
                      8,
                      8,
                      2,
                      {1,8,14,12},
                      0,
                      1
                    },
                    {
                      {126236456},
                      0,
                      16,
                      16,
                      4,
                      4,
                      12,
                      12,
                      0,
                      0,
                      2,
                      {4,4,12,12},
                      0,
                      1
                    },
                    {
                      {126236592},
                      0,
                      16,
                      16,
                      4,
                      4,
                      12,
                      12,
                      0,
                      0,
                      2,
                      {4,4,12,12},
                      0,
                      1
                    },
                    {
                      {126235232},
                      0,
                      16,
                      16,
                      4,
                      4,
                      12,
                      12,
                      0,
                      0,
                      2,
                      {4,4,12,12},
                      0,
                      1
                    },
                    {
                      {126235504},
                      0,
                      16,
                      16,
                      4,
                      4,
                      12,
                      12,
                      0,
                      0,
                      2,
                      {4,4,12,12},
                      0,
                      1
                    },
                    {
                      {126235368},
                      0,
                      16,
                      16,
                      4,
                      4,
                      12,
                      12,
                      0,
                      0,
                      2,
                      {4,4,12,12},
                      0,
                      1
                    },
                    {
                      {126236728},
                      0,
                      16,
                      16,
                      4,
                      4,
                      12,
                      12,
                      0,
                      0,
                      2,
                      {4,4,12,12},
                      0,
                      1
                    },
                    {
                      {126235912},
                      0,
                      16,
                      16,
                      4,
                      4,
                      12,
                      12,
                      0,
                      0,
                      2,
                      {4,4,12,12},
                      0,
                      1
                    },
                    {
                      {126237680},
                      0,
                      16,
                      16,
                      4,
                      4,
                      12,
                      12,
                      0,
                      0,
                      2,
                      {4,4,12,12},
                      0,
                      1
                    },
                    {
                      {126237000},
                      0,
                      16,
                      16,
                      4,
                      4,
                      12,
                      12,
                      0,
                      0,
                      2,
                      {4,4,12,12},
                      0,
                      1
                    },
                    {
                      {126237272},
                      0,
                      16,
                      16,
                      4,
                      4,
                      12,
                      12,
                      0,
                      0,
                      2,
                      {4,4,12,12},
                      0,
                      1
                    },
                    {
                      {126238088},
                      0,
                      16,
                      16,
                      4,
                      4,
                      12,
                      12,
                      0,
                      0,
                      2,
                      {4,4,12,12},
                      0,
                      1
                    },
                    {
                      {126237408},
                      0,
                      16,
                      16,
                      4,
                      4,
                      12,
                      12,
                      0,
                      0,
                      2,
                      {4,4,12,12},
                      0,
                      1
                    },
                    {
                      {126237816},
                      ...
    sprite_num = 42'*'
    tempbuffer = 126234008

 C:\Users\Gaz\Desktop\old work\startcraft beta\starcraft\sounds.ew:
    sound_info = {}
    sound_num = 0

 C:\Users\Gaz\Desktop\old work\startcraft beta\starcraft\objects.ew:
    object_info = {
                    {
                      13,
                      1,
                      1,
                      1280,
                      0,
                      1,
                      {
                        {1,{}},
                        {0,{}},
                        {0,{}},
                        {0,{}},
                        {0,{}},
                        {0,{}},
                        {0,{}},
                        {0,{}},
                        {0,{}},
                        {0,{}},
                        {0,{}},
                        {0,{}},
                        {0,{}},
                        {0,{}},
                        {0,{}},
                        {0,{}},
                        {0,{}},
                        {1,{}},
                        {0,{}},
                        {0,{}},
                        {0,{}},
                        {0,{}},
                        {0,{}},
                        {0,{}},
                        {0,{}},
                        {0,{}},
                        {0,{}},
                        {0,{}},
                        {0,{}},
                        {1,{}}
                      }
                    },
                    {
                      3,
                      1,
                      0,
                      1270,
                      0,
                      2,
                      {
                        {1,{}},
                        {0,{}},
                        {0,{}},
                        {0,{}},
                        {0,{}},
                        {0,{}},
                        {0,{}},
                        {0,{}},
                        {0,{}},
                        {0,{}},
                        {0,{}},
                        {0,{}},
                        {0,{}},
                        {0,{}},
                        {0,{}},
                        {0,{}},
                        {0,{}},
                        {0,{}},
                        {0,{}},
                        {0,{}},
                        {0,{}},
                        {0,{}},
                        {0,{}},
                        {0,{}},
                        {0,{}},
                        {0,{}},
                        {0,{}},
                        {0,{}},
                        {0,{}},
                        {0,{}}
                      }
                    },
                    {
                      1,
                      1,
                      1,
                      0,
                      0,
                      3,
                      {
                        {1,{}},
                        {0,{}},
                        {0,{}},
                        {0,{}},
                        {0,{}},
                        {0,{}},
                        {0,{}},
                        {0,{}},
                        {0,{}},
                        {0,{}},
                        {0,{}},
                        {0,{}},
                        {0,{}},
                        {0,{}},
                        {0,{}},
                        {0,{}},
                        {0,{}},
                        {0,{}},
                        {0,{}},
                        {0,{}},
                        {0,{}},
                        {0,{}},
                        {0,{}},
                        {0,{}},
                        {0,{}},
                        {0,{}},
                        {0,{}},
                        {0,{}},
                        {0,{}},
                        {0,{}}
                      }
                    },
                    {
                      4,
                      1,
                      1,
                      1280,
                      0,
                      4,
                      {
                        {1,{}},
                        {0,{}},
                        {0,{}},
                        {0,{}},
                        {0,{}},
                        {0,{}},
                        {0,{}},
                        {0,{}},
                        {0,{}},
                        {0,{}},
                        {0,{}},
                        {0,{}},
                        {0,{}},
                        {0,{}},
                        {0,{}},
                        {0,{}},
                        {0,{}},
                        {0,{}},
                        {1,{}},
                        {0,{}},
                        {0,{}},
                        {0,{}},
                        {0,{}},
                        {0,{}},
                        {0,{}},
                        {0,{}},
                        {0,{}},
                        {1,{}},
                        {0,{}},
                        {0,{}}
                      }
                    },
                    {
                      13,
                      1,
                      1,
                      1280,
                      0,
                      5,
                      {
                        {1,{}},
                        {0,{}},
                        {0,{}},
                        {0,{}},
                        {0,{}},
                        {0,{}},
                        {0,{}},
                        {0,{}},
                        {0,{}},
                        {0,{}},
                        {0,{}},
                        {0,{}},
                        {0,{}},
                        {0,{}},
                        {0,{}},
                        {0,{}},
                        {0,{}},
                        {1,{}},
                        {1,{}},
                        {0,{}},
                        {0,{}},
                        {0,{}},
                        {0,{}},
                        {0,{}},
                        {0,{}},
                        {0,{}},
                        {0,{}},
                        {1,{}},
                        {0,{}},
                        {0,{}}
                      }
                    },
                    {
                      33'!',
                      1,
                      1,
                      0,
                      0,
                      6,
                      {
                        {1,{}},
                        {0,{}},
                        {0,{}},
                        {0,{}},
                        {0,{}},
                        {0,{}},
                        {0,{}},
                        {0,{}},
                        {0,{}},
                        {0,{}},
                        {0,{}},
                        {0,{}},
                        {0,{}},
                        {0,{}},
                        {0,{}},
                        {0,{}},
                        {0,{}},
                        {0,{}},
                        {0,{}},
                        {0,{}},
                        {0,{}},
                        {0,{}},
                        {0,{}},
                        {0,{}},
                        {0,{}},
                        {0,{}},
                        {0,{}},
                        {0,{}},
                        {0,{}},
                        {0,{}}
                      }
                    },
                    {
                      38'&',
                      1,
                      0,
                      0,
                      0,
                      7,
                      {
                        {1,{}},
                        {0,{}},
                        {0,{}},
                        {0,{}},
                        {0,{}},
                        {0,{}},
                        {0,{}},
                        {0,{}},
                        {0,{}},
                        {0,{}},
                        {0,{}},
                        {0,{}},
                        {0,{}},
                        {0,{}},
                        {0,{}},
                        {0,{}},
                        {0,{}},
                        {0,{}},
                        {0,{}},
                        {0,{}},
                        {0,{}},
                        {0,{}},
                        {0,{}},
                        {0,{}},
                        {0,{}},
                        {0,{}},
                        {0,{}},
                        {1,{}},
                        {0,{}},
                        {0,{}}
                      }
                    },
                    {
                      20,
                      1,
                      1,
                      0,
                      0,
                      8,
                      {
                        {1,{}},
                        {0,{}},
                        {0,{}},
                        {0,{}},
                        {0,{}},
                        {0,{}},
                        {0,{}},
                        {0,{}},
                        {0,{}},
                        {0,{}},
                        {0,{}},
                        {0,{}},
                        {0,{}},
                        {1,{}},
                        {0,{}},
                        {0,{}},
                        {0,{}},
                        {0,{}},
                        {0,{}},
                        {0,{}},
                        {0,{}},
                        {0,{}},
                        {0,{}},
                        {0,{}},
                        {0,{}},
                        {0,{}},
                        {0,{}},
                        {1,{}},
                        {0,{}},
                        {0,{}}
                      }
                    }
                  }
    object_num = 8
    temp = {}

 C:\Users\Gaz\Desktop\old work\startcraft beta\starcraft\instances.ew:
    instance_info = {
                      {
                        1,
                        {
                          {1,{}},
                          {0,{}},
                          {0,{}},
                          {0,{}},
                          {0,{}},
                          {0,{}},
                          {0,{}},
                          {0,{}},
                          {0,{}},
                          {0,{}},
                          {0,{}},
                          {0,{}},
                          {0,{}},
                          {0,{}},
                          {0,{}},
                          {0,{}},
                          {0,{}},
                          {1,{}},
                          {0,{}},
                          {0,{}},
                          {0,{}},
                          {0,{}},
                          {0,{}},
                          {0,{}},
                          {0,{}},
                          {0,{}},
                          {0,{}},
                          {0,{}},
                          {0,{}},
                          {1,{}}
                        },
                        1,
                        1,
                        1280,
                        1,
                        32' ',
                        32' ',
                        32' ',
                        32' ',
                        32' ',
                        32' ',
                        1,
                        1,
                        0,
                        0,
                        0,
                        0,
                        0,
                        0,
                        0,
                        0,
                        -1,
                        0.1,
                        0,
                        0,
                        0,
                        {},
                        1,
                        8,
                        14,
                        12,
                        8,
                        8,
                        {126238496,126240808},
                        1,
                        16,
                        16,
                        0,
                        1,
                        {1,0,1,0,0}
                      },
                      {
                        3,
                        {
                          {1,{}},
                          {0,{}},
                          {0,{}},
                          {0,{}},
                          {0,{}},
                          {0,{}},
                          {0,{}},
                          {0,{}},
                          {0,{}},
                          {0,{}},
                          {0,{}},
                          {0,{}},
                          {0,{}},
                          {0,{}},
                          {0,{}},
                          {0,{}},
                          {0,{}},
                          {0,{}},
                          {0,{}},
                          {0,{}},
                          {0,{}},
                          {0,{}},
                          {0,{}},
                          {0,{}},
                          {0,{}},
                          {0,{}},
                          {0,{}},
                          {0,{}},
                          {0,{}},
                          {0,{}}
                        },
                        1,
                        1,
                        32' ',
                        3,
                        400,
                        32' ',
                        400,
                        32' ',
                        400,
                        32' ',
                        1,
                        1,
                        0,
                        0,
                        0,
                        0,
                        0,
                        0,
                        0,
                        0,
                        -1,
                        0.1,
                        0,
                        0,
                        0,
                        {},
                        5,
                        47'/',
                        27,
                        59';',
                        16,
                        51'3',
                        {125580968},
                        0,
                        32' ',
                        64'@',
                        0,
                        1,
                        {2,0,0,0,0}
                      },
                      {
                        3,
                        {
                          {1,{}},
                          {0,{}},
                          {0,{}},
                          {0,{}},
                          {0,{}},
                          {0,{}},
                          {0,{}},
                          {0,{}},
                          {0,{}},
                          {0,{}},
                          {0,{}},
                          {0,{}},
                          {0,{}},
                          {0,{}},
                          {0,{}},
                          {0,{}},
                          {0,{}},
                          {0,{}},
                          {0,{}},
                          {0,{}},
                          {0,{}},
                          {0,{}},
                          {0,{}},
                          {0,{}},
                          {0,{}},
                          {0,{}},
                          {0,{}},
                          {0,{}},
                          {0,{}},
                          {0,{}}
                        },
                        1,
                        1,
                        48'0',
                        3,
                        416,
                        48'0',
                        416,
                        48'0',
                        416,
                        48'0',
                        1,
                        1,
                        0,
                        0,
                        0,
                        0,
                        0,
                        0,
                        0,
                        0,
                        -1,
                        0.1,
                        0,
                        0,
                        0,
                        {},
                        5,
                        47'/',
                        27,
                        59';',
                        16,
                        51'3',
                        {125580968},
                        0,
                        32' ',
                        64'@',
                        0,
                        1,
                        {3,0,0,0,0}
                      },
                      {
                        3,
                        {
                          {1,{}},
                          {0,{}},
                          {0,{}},
                          {0,{}},
                          {0,{}},
                          {0,{}},
                          {0,{}},
                          {0,{}},
                          {0,{}},
                          {0,{}},
                          {0,{}},
                          {0,{}},
                          {0,{}},
                          {0,{}},
                          {0,{}},
                          {0,{}},
                          {0,{}},
                          {0,{}},
                          {0,{}},
                          {0,{}},
                          {0,{}},
                          {0,{}},
                          {0,{}},
                          {0,{}},
                          {0,{}},
                          {0,{}},
                          {0,{}},
                          {0,{}},
                          {0,{}},
                          {0,{}}
                        },
                        1,
                        1,
                        80'P',
                        3,
                        432,
                        80'P',
                        432,
                        80'P',
                        432,
                        80'P',
                        1,
                        1,
                        0,
                        0,
                        0,
                        0,
                        0,
                        0,
                        0,
                        0,
                        -1,
                        0.1,
                        0,
                        0,
                        0,
                        {},
                        5,
                        47'/',
                        27,
                        59';',
                        16,
                        51'3',
                        {125580968},
                        0,
                        32' ',
                        64'@',
                        0,
                        1,
                        {4,0,0,0,0}
                      },
                      {
                        3,
                        {
                          {1,{}},
                          {0,{}},
                          {0,{}},
                          {0,{}},
                          {0,{}},
                          {0,{}},
                          {0,{}},
                          {0,{}},
                          {0,{}},
                          {0,{}},
                          {0,{}},
                          {0,{}},
                          {0,{}},
                          {0,{}},
                          {0,{}},
                          {0,{}},
                          {0,{}},
                          {0,{}},
                          {0,{}},
                          {0,{}},
                          {0,{}},
                          {0,{}},
                          {0,{}},
                          {0,{}},
                          {0,{}},
                          {0,{}},
                          {0,{}},
                          {0,{}},
                          {0,{}},
                          {0,{}}
                        },
                        1,
                        1,
                        96'`',
                        3,
                        1120,
                        96'`',
                        1120,
                        96'`',
                        1120,
                        96'`',
                        1,
                        1,
                        0,
                        0,
                        0,
                        0,
                        0,
                        0,
                        0,
                        0,
                        -1,
                        0.1,
                        0,
                        0,
                        0,
                        {},
                        5,
                        47'/',
                        27,
                        59';',
                        16,
                        51'3',
                        {125580968},
                        0,
                        32' ',
                        64'@',
                        0,
                        1,
                        {5,0,0,0,0}
                      },
                      {
                        3,
                        {
                          {1,{}},
                          {0,{}},
                          {0,{}},
                          {0,{}},
                          {0,{}},
                          {0,{}},
                          {0,{}},
                          {0,{}},
                          {0,{}},
                          {0,{}},
                          {0,{}},
                          {0,{}},
                          {0,{}},
                          {0,{}},
                          {0,{}},
                          {0,{}},
                          {0,{}},
                          {0,{}},
                          {0,{}},
                          {0,{}},
                          {0,{}},
                          {0,{}},
                          {0,{}},
                          {0,{}},
                          {0,{}},
                          {0,{}},
                          {0,{}},
                          {0,{}},
                          {0,{}},
                          {0,{}}
                        },
                        1,
                        1,
                        96'`',
                        3,
                        1136,
                        96'`',
                        1136,
                        96'`',
                        1136,
                        96'`',
                        1,
                        1,
                        0,
                        0,
                        0,
                        0,
                        0,
                        0,
                        0,
                        0,
                        -1,
                        0.1,
                        0,
                        0,
                        0,
                        {},
                        5,
                        47'/',
                        27,
                        59';',
                        16,
                        51'3',
                        {125580968},
                        0,
                        32' ',
                        64'@',
                        0,
                        1,
                        {6,0,0,0,0}
                      },
                      {
                        3,
                        {
                          {1,{}},
                          {0,{}},
                          {0,{}},
                          {0,{}},
                          {0,{}},
                          {0,{}},
                          {0,{}},
                          {0,{}},
                          {0,{}},
                          {0,{}},
                          {0,{}},
                          {0,{}},
                          {0,{}},
                          {0,{}},
                          {0,{}},
                          {0,{}},
                          {0,{}},
                          {0,{}},
                          {0,{}},
                          {0,{}},
                          {0,{}},
                          {0,{}},
                          {0,{}},
                          {0,{}},
                          {0,{}},
                          {0,{}},
                          {0,{}},
                          {0,{}},
                          {0,{}},
                          {0,{}}
                        },
                        1,
                        1,
                        112'p',
                        3,
                        432,
                        112'p',
                        432,
                        112'p',
                        432,
                        112'p',
                        1,
                        1,
                        0,
                        0,
                        0,
                        0,
                        0,
                        0,
                        0,
                        0,
                        -1,
                        ...
    free_instance_info = {}
    object_list = {1,0,134,0,20,0,0,0}
    object_handle_list = {
                           {1},
                           {},
                           {2,3,4,5,6,7,8,9,10,11,12,13,14,15,16,17,18,19,
20,21,22,23,24,25,26,27,28,29,30,31,32' ',33'!',34'"',35'#',36'$',37'%',
38'&',39''',40'(',41')',42'*',43'+',44',',45'-',46'.',47'/',48'0',49'1',
50'2',51'3',52'4',53'5',54'6',55'7',56'8',57'9',58':',59';',60'<',61'=',
62'>',63'?',64'@',65'A',66'B',67'C',68'D',69'E',70'F',71'G',72'H',73'I',
74'J',75'K',76'L',77'M',78'N',79'O',80'P',81'Q',82'R',83'S',84'T',85'U',
86'V',87'W',88'X',89'Y',90'Z',91'[',92'\',93']',94'^',95'_',96'`',97'a',
98'b',99'c',100'd',101'e',102'f',103'g',104'h',105'i',106'j',107'k',108'l',
109'm',110'n',111'o',112'p',113'q',114'r',115's',116't',117'u',118'v',119'w',
120'x',121'y',122'z',123'{',124'|',125'}',126'~',127'',128,129,130,131,
132,133,134,135},
                           {},
                           {136,137,138,139,140,141,142,143,144,145,146,
147,148,149,150,151,152,153,154,155},
                           {},
                           {},
                           {}
                         }
    drawlist = {1,2,3,4,5,6,7,8,9,10,11,12,13,14,15,16,17,18,19,20,21,22,
23,24,25,26,27,28,29,30,31,32' ',33'!',34'"',35'#',36'$',37'%',38'&',39''',
40'(',41')',42'*',43'+',44',',45'-',46'.',47'/',48'0',49'1',50'2',51'3',
52'4',53'5',54'6',55'7',56'8',57'9',58':',59';',60'<',61'=',62'>',63'?',
64'@',65'A',66'B',67'C',68'D',69'E',70'F',71'G',72'H',73'I',74'J',75'K',
76'L',77'M',78'N',79'O',80'P',81'Q',82'R',83'S',84'T',85'U',86'V',87'W',
88'X',89'Y',90'Z',91'[',92'\',93']',94'^',95'_',96'`',97'a',98'b',99'c',
100'd',101'e',102'f',103'g',104'h',105'i',106'j',107'k',108'l',109'm',110'n',
111'o',112'p',113'q',114'r',115's',116't',117'u',118'v',119'w',120'x',121'y',
122'z',123'{',124'|',125'}',126'~',127'',128,129,130,131,132,133,134,135,
136,137,138,139,140,141,142,143,144,145,146,147,148,149,150,151,152,153,
154,155}
    free_drawlist = {}
    mouse_global_releasd_list = {136,137,138,139,140,141,142,143,144,145,
146,147,148,149,150,151,152,153,154,155}
    free_mouse_global_releasd_list = {}
    mouse_global_pressed_list = {1,136,137,138,139,140,141,142,143,144,145,
146,147,148,149,150,151,152,153,154,155}
    free_mouse_global_pressed_list = {}
    animation_end_list = {}
    free_animation_end_list = {}
    mouse_left_releasd_list = {}
    free_mouse_left_releasd_list = {}
    destory_list = {}

 C:\Users\Gaz\Desktop\old work\startcraft beta\starcraft\event.ew:
    collision_list = {}
    depth_list = {}
    index_list = {}

 C:\Users\Gaz\Desktop\old work\startcraft beta\starcraft\functions.ew:
    lookup_collision = {}
    ahead = 3
    maxrot = 50'2'
    stepsize = 40'('

 C:\Users\Gaz\Desktop\old work\startcraft beta\starcraft\starcraft.exw:
    music_on = 1
    sound_on = 1
    window_mode = 0
    image_buttons = {125561696,125557208,125578744,125579072,125632080,125579400}
    image_panels = {125579728,125580048,125580368,125581352}
    cursor_gfx = 37515112
    tile_gfx = 125552768
    main_background = 126219264
    main_starcraft = 125582064
    game_end = 0
    width_tiles = 40'('
    height_tiles = 30
    tile_view_w = 20
    tile_view_h = 15
    tiles_info = {
                   {
                     {132,33'!',0,0},
                     {132,33'!',32' ',0},
                     {132,33'!',64'@',0},
                     {132,33'!',96'`',0},
                     {132,33'!',128,0},
                     {132,33'!',160,0},
                     {132,33'!',192,0},
                     {132,33'!',224,0},
                     {132,33'!',256,0},
                     {132,33'!',288,0},
                     {132,33'!',320,0},
                     {132,33'!',352,0},
                     {132,33'!',384,0},
                     {132,33'!',416,0},
                     {132,33'!',448,0},
                     {132,33'!',480,0},
                     {132,33'!',512,0},
                     {132,33'!',544,0},
                     {132,33'!',576,0},
                     {132,33'!',608,0},
                     {132,33'!',640,0},
                     {132,33'!',672,0},
                     {132,33'!',704,0},
                     {132,33'!',736,0},
                     {132,33'!',768,0},
                     {132,33'!',800,0},
                     {132,33'!',832,0},
                     {132,33'!',864,0},
                     {132,33'!',896,0},
                     {132,33'!',928,0},
                     {132,33'!',960,0},
                     {132,33'!',992,0},
                     {132,33'!',1024,0},
                     {132,33'!',1056,0},
                     {132,33'!',1088,0},
                     {132,33'!',1120,0},
                     {132,33'!',1152,0},
                     {132,33'!',1184,0},
                     {132,33'!',1216,0},
                     {132,33'!',1248,0}
                   },
                   {
                     {132,33'!',0,32' '},
                     {132,33'!',32' ',32' '},
                     {132,33'!',64'@',32' '},
                     {132,33'!',96'`',32' '},
                     {132,33'!',128,32' '},
                     {132,33'!',160,32' '},
                     {132,66'B',192,32' '},
                     {132,33'!',224,32' '},
                     {132,66'B',256,32' '},
                     {132,33'!',288,32' '},
                     {132,33'!',320,32' '},
                     {132,33'!',352,32' '},
                     {132,33'!',384,32' '},
                     {132,33'!',416,32' '},
                     {132,33'!',448,32' '},
                     {132,33'!',480,32' '},
                     {132,33'!',512,32' '},
                     {132,33'!',544,32' '},
                     {132,33'!',576,32' '},
                     {132,33'!',608,32' '},
                     {132,33'!',640,32' '},
                     {33'!',33'!',672,32' '},
                     {66'B',33'!',704,32' '},
                     {66'B',33'!',736,32' '},
                     {66'B',33'!',768,32' '},
                     {66'B',33'!',800,32' '},
                     {99'c',33'!',832,32' '},
                     {132,33'!',864,32' '},
                     {132,33'!',896,32' '},
                     {132,33'!',928,32' '},
                     {132,33'!',960,32' '},
                     {132,33'!',992,32' '},
                     {132,33'!',1024,32' '},
                     {132,33'!',1056,32' '},
                     {132,33'!',1088,32' '},
                     {132,33'!',1120,32' '},
                     {132,33'!',1152,32' '},
                     {132,33'!',1184,32' '},
                     {132,33'!',1216,32' '},
                     {132,33'!',1248,32' '}
                   },
                   {
                     {132,33'!',0,64'@'},
                     {132,33'!',32' ',64'@'},
                     {132,33'!',64'@',64'@'},
                     {33'!',33'!',96'`',64'@'},
                     {66'B',33'!',128,64'@'},
                     {66'B',33'!',160,64'@'},
                     {66'B',33'!',192,64'@'},
                     {66'B',33'!',224,64'@'},
                     {66'B',33'!',256,64'@'},
                     {99'c',33'!',288,64'@'},
                     {132,33'!',320,64'@'},
                     {132,33'!',352,64'@'},
                     {132,33'!',384,64'@'},
                     {132,33'!',416,64'@'},
                     {132,33'!',448,64'@'},
                     {132,33'!',480,64'@'},
                     {132,33'!',512,64'@'},
                     {132,33'!',544,64'@'},
                     {132,33'!',576,64'@'},
                     {132,33'!',608,64'@'},
                     {132,33'!',640,64'@'},
                     {33'!',66'B',672,64'@'},
                     {66'B',66'B',704,64'@'},
                     {66'B',66'B',736,64'@'},
                     {66'B',66'B',768,64'@'},
                     {66'B',66'B',800,64'@'},
                     {66'B',132,832,64'@'},
                     {99'c',33'!',864,64'@'},
                     {132,33'!',896,64'@'},
                     {132,66'B',928,64'@'},
                     {132,33'!',960,64'@'},
                     {132,33'!',992,64'@'},
                     {132,33'!',1024,64'@'},
                     {132,33'!',1056,64'@'},
                     {132,33'!',1088,64'@'},
                     {132,33'!',1120,64'@'},
                     {132,33'!',1152,64'@'},
                     {132,33'!',1184,64'@'},
                     {132,33'!',1216,64'@'},
                     {132,33'!',1248,64'@'}
                   },
                   {
                     {132,33'!',0,96'`'},
                     {132,33'!',32' ',96'`'},
                     {132,66'B',64'@',96'`'},
                     {33'!',66'B',96'`',96'`'},
                     {66'B',66'B',128,96'`'},
                     {66'B',66'B',160,96'`'},
                     {66'B',66'B',192,96'`'},
                     {66'B',66'B',224,96'`'},
                     {66'B',66'B',256,96'`'},
                     {99'c',66'B',288,96'`'},
                     {132,33'!',320,96'`'},
                     {132,33'!',352,96'`'},
                     {33'!',33'!',384,96'`'},
                     {66'B',33'!',416,96'`'},
                     {66'B',33'!',448,96'`'},
                     {99'c',33'!',480,96'`'},
                     {132,33'!',512,96'`'},
                     {33'!',33'!',544,96'`'},
                     {66'B',33'!',576,96'`'},
                     {99'c',33'!',608,96'`'},
                     {132,33'!',640,96'`'},
                     {33'!',99'c',672,96'`'},
                     {66'B',99'c',704,96'`'},
                     {66'B',99'c',736,96'`'},
                     {66'B',99'c',768,96'`'},
                     {132,132,800,96'`'},
                     {66'B',66'B',832,96'`'},
                     {66'B',132,864,96'`'},
                     {99'c',33'!',896,96'`'},
                     {132,33'!',928,96'`'},
                     {132,33'!',960,96'`'},
                     {132,33'!',992,96'`'},
                     {132,33'!',1024,96'`'},
                     {132,33'!',1056,96'`'},
                     {132,33'!',1088,96'`'},
                     {132,33'!',1120,96'`'},
                     {132,33'!',1152,96'`'},
                     {132,33'!',1184,96'`'},
                     {132,33'!',1216,96'`'},
                     {132,33'!',1248,96'`'}
                   },
                   {
                     {132,33'!',0,128},
                     {33'!',33'!',32' ',128},
                     {66'B',33'!',64'@',128},
                     {33'!',132,96'`',128},
                     {66'B',66'B',128,128},
                     {66'B',66'B',160,128},
                     {66'B',66'B',192,128},
                     {66'B',66'B',224,128},
                     {66'B',66'B',256,128},
                     {99'c',66'B',288,128},
                     {132,33'!',320,128},
                     {132,33'!',352,128},
                     {33'!',66'B',384,128},
                     {66'B',66'B',416,128},
                     {66'B',66'B',448,128},
                     {99'c',66'B',480,128},
                     {132,33'!',512,128},
                     {33'!',66'B',544,128},
                     {66'B',66'B',576,128},
                     {99'c',66'B',608,128},
                     {132,33'!',640,128},
                     {132,33'!',672,128},
                     {132,33'!',704,128},
                     {132,33'!',736,128},
                     {132,33'!',768,128},
                     {33'!',99'c',800,128},
                     {132,132,832,128},
                     {66'B',66'B',864,128},
                     {66'B',132,896,128},
                     {99'c',33'!',928,128},
                     {132,33'!',960,128},
                     {132,33'!',992,128},
                     {132,33'!',1024,128},
                     {132,33'!',1056,128},
                     {132,33'!',1088,128},
                     {132,33'!',1120,128},
                     {132,33'!',1152,128},
                     {132,33'!',1184,128},
                     {132,33'!',1216,128},
                     {132,33'!',1248,128}
                   },
                   {
                     {132,33'!',0,160},
                     {33'!',66'B',32' ',160},
                     {66'B',66'B',64'@',160},
                     {66'B',66'B',96'`',160},
                     {66'B',66'B',128,160},
                     {66'B',66'B',160,160},
                     {66'B',66'B',192,160},
                     {66'B',66'B',224,160},
                     {66'B',66'B',256,160},
                     {99'c',66'B',288,160},
                     {132,33'!',320,160},
                     {132,33'!',352,160},
                     {33'!',66'B',384,160},
                     {99'c',132,416,160},
                     {66'B',99'c',448,160},
                     {99'c',99'c',480,160},
                     {33'!',33'!',512,160},
                     {33'!',132,544,160},
                     {99'c',132,576,160},
                     {99'c',99'c',608,160},
                     {132,33'!',640,160},
                     {132,33'!',672,160},
                     {132,33'!',704,160},
                     {132,33'!',736,160},
                     {132,33'!',768,160},
                     {132,33'!',800,160},
                     {33'!',99'c',832,160},
                     {132,132,864,160},
                     {66'B',66'B',896,160},
                     {66'B',132,928,160},
                     {99'c',33'!',960,160},
                     {132,66'B',992,160},
                     {132,33'!',1024,160},
                     {132,33'!',1056,160},
                     {132,33'!',1088,160},
                     {132,33'!',1120,160},
                     {132,33'!',1152,160},
                     {132,33'!',1184,160},
                     {132,33'!',1216,160},
                     {132,33'!',1248,160}
                   },
                   {
                     {132,33'!',0,192},
                     {33'!',99'c',32' ',192},
                     {66'B',99'c',64'@',192},
                     {66'B',99'c',96'`',192},
                     {66'B',99'c',128,192},
                     {132,132,160,192},
                     {66'B',66'B',192,192},
                     {66'B',66'B',224,192},
                     {66'B',66'B',256,192},
                     {99'c',66'B',288,192},
                     {132,33'!',320,192},
                     {132,33'!',352,192},
                     {33'!',66'B',384,192},
                     {99'c',66'B',416,192},
                     {132,33'!',448,192},
                     {132,33'!',480,192},
                     {33'!',66'B',512,192},
                     {66'B',66'B',544,192},
                     {99'c',66'B',576,192},
                     {132,33'!',608,192},
                     {132,33'!',640,192},
                     {132,33'!',672,192},
                     {132,33'!',704,192},
                     {132,33'!',736,192},
                     {132,33'!',768,192},
                     {132,33'!',800,192},
                     {132,33'!',832,192},
                     {33'!',99'c',864,192},
                     {132,132,896,192},
                     {66'B',66'B',928,192},
                     {66'B',132,960,192},
                     {66'B',33'!',992,192},
                     {99'c',33'!',1024,192},
                     {132,33'!',1056,192},
                     {132,33'!',1088,192},
                     {132,33'!',1120,192},
                     {132,33'!',1152,192},
                     {132,33'!',1184,192},
                     {132,33'!',1216,192},
                     {132,33'!',1248,192}
                   },
                   {
                     {132,33'!',0,224},
                     {132,33'!',32' ',224},
                     {132,33'!',64'@',224},
                     {132,66'B',96'`',224},
                     {132,33'!',128,224},
                     {33'!',99'c',160,224},
                     {66'B',99'c',192,224},
                     {66'B',99'c',224,224},
                     {132,132,256,224},
                     {99'c',66'B',288,224},
                     {132,33'!',320,224},
                     {132,33'!',352,224},
                     {33'!',66'B',384,224},
                     {99'c',66'B',416,224},
                     {132,33'!',448,224},
                     {132,33'!',480,224},
                     {33'!',99'c',512,224},
                     {66'B',99'c',544,224},
                     {99'c',99'c',576,224},
                     {132,33'!',608,224},
                     {132,33'!',640,224},
                     {132,33'!',672,224},
                     {132,33'!',704,224},
                     {132,33'!',736,224},
                     {132,33'!',768,224},
                     {132,33'!',800,224},
                     {132,66'B',832,224},
                     {132,33'!',864,224},
                     {33'!',66'B',896,224},
                     {66'B',66'B',928,224},
                     {66'B',66'B',960,224},
                     {66'B',66'B',992,224},
                     {99'c',66'B',1024,224},
                     {132,33'!',1056,224},
                     {132,33'!',1088,224},
                     {132,33'!',1120,224},
                     {132,33'!',1152,224},
                     {132,33'!',1184,224},
                     {132,33'!',1216,224},
                     {132,33'!',1248,224}
                   },
                   {
                     {132,33'!',0,256},
                     {132,33'!',32' ',256},
                     {132,33'!',64'@',256},
                     {132,33'!',96'`',256},
                     {132,33'!',128,256},
                     {33'!',33'!',160,256},
                     {66'B',33'!',192,256},
                     {99'c',33'!',224,256},
                     {33'!',66'B',256,256},
                     {99'c',66'B',288,256},
                     {132,33'!',320,256},
                     {132,33'!',352,256},
                     {33'!',66'B',384,256},
                     {66'B',132,416,256},
                     {99'c',33'!',448,256},
                     {132,33'!',480,256},
                     {132,33'!',512,256},
                     {132,33'!',544,256},
                     {132,33'!',576,256},
                     {33'!',33'!',608,256},
                     {66'B',33'!',640,256},
                     {99'c',33'!',672,256},
                     {132,33'!',704,256},
                     {132,33'!',736,256},
                     {132,33'!',768,256},
                     {132,33'!',800,256},
                     {132,33'!',832,256},
                     {132,33'!',864,256},
                     {33'!',99'c',896,256},
                     {66'B',99'c',928,256},
                     {66'B',99'c',960,256},
                     {66'B',99'c',992,256},
                     {99'c',99'c',1024,256},
                     {132,33'!',1056,256},
                     {132,33'!',1088,256},
                     {132,33'!',1120,256},
                     {132,33'!',1152,256},
                     {132,33'!',1184,256},
                     {132,33'!',1216,256},
                     {132,33'!',1248,256}
                   },
                   {
                     {132,33'!',0,288},
                     {132,33'!',32' ',288},
                     {132,33'!',64'@',288},
                     {132,33'!',96'`',288},
                     {132,33'!',128,288},
                     {33'!',66'B',160,288},
                     {66'B',66'B',192,288},
                     {66'B',132,224,288},
                     {33'!',132,256,288},
                     {66'B',132,288,288},
                     {66'B',33'!',320,288},
                     {66'B',33'!',352,288},
                     {33'!',132,384,288},
                     {66'B',66'B',416,288},
                     {99'c',66'B',448,288},
                     {132,33'!',480,288},
                     {132,66'B',512,288},
                     {132,33'!',544,288},
                     {33'!',33'!',576,288},
                     {33'!',132,608,288},
                     {66'B',66'B',640,288},
                     {66'B',132,672,288},
                     {99'c',33'!',704,288},
                     {132,33'!',736,288},
                     {132,33'!',768,288},
                     {132,33'!',800,288},
                     {33'!',33'!',832,288},
                     {66'B',33'!',864,288},
                     {66'B',33'!',896,288},
                     {66'B',33'!',928,288},
                     {66'B',33'!',960,288},
                     {66'B',33'!',992,288},
                     {66'B',33'!',1024,288},
                     {66'B',33'!',1056,288},
                     {66'B',33'!',1088,288},
                     {66'B',33'!',1120,288},
                     {66'B',33'!',1152,288},
                     {99'c',33'!',1184,288},
                     {132,33'!',1216,288},
                     {132,33'!',1248,288}
                   },
                   {
                     {132,33'!',0,320},
                     {132,33'!',32' ',320},
                     {132,33'!',64'@',320},
                     {132,33'!',96'`',320},
                     {132,33'!',128,320},
                     {33'!',66'B',160,320},
                     {66'B',66'B',192,320},
                     {66'B',66'B',224,320},
                     {66'B',66'B',256,320},
                     {66'B',66'B',288,320},
                     {66'B',66'B',320,320},
                     {66'B',66'B',352,320},
                     {66'B',66'B',384,320},
                     {66'B',66'B',416,320},
                     {99'c',66'B',448,320},
                     {132,33'!',480,320},
                     {132,33'!',512,320},
                     {132,33'!',544,320},
                     {33'!',66'B',576,320},
                     {66'B',66'B',608,320},
                     {66'B',66'B',640,320},
                     {66'B',66'B',672,320},
                     {66'B',132,704,320},
                     {99'c',33'!',736,320},
                     {132,66'B',768,320},
                     {132,33'!',800,320},
                     {33'!',66'B',832,320},
                     {66'B',66'B',864,320},
                     {66'B',66'B',896,320},
                     {66'B',66'B',928,320},
                     {66'B',66'B',960,320},
                     {66'B',66'B',992,320},
                     {66'B',66'B',1024,320},
                     {66'B',66'B',1056,320},
                     {66'B',66'B',1088,320},
                     {66'B',66'B',1120,320},
                     {66'B',66'B',1152,320},
                     {99'c',66'B',1184,320},
                     {132,33'!',1216,320},
                     {132,33'!',1248,320}
                   },
                   {
                     {132,33'!',0,352},
                     {132,33'!',32' ',352},
                     {132,33'!',64'@',352},
                     {132,33'!',96'`',352},
                     {132,33'!',128,352},
                     {33'!',99'c',160,352},
                     {66'B',99'c',192,352},
                     {66'B',99'c',224,352},
                     {66'B',99'c',256,352},
                     {132,132,288,352},
                     {66'B',66'B',320,352},
                     {99'c',132,352,352},
                     {66'B',99'c',384,352},
                     {66'B',99'c',416,352},
                     {99'c',99'c',448,352},
                     {132,33'!',480,352},
                     {132,33'!',512,352},
                     {132,33'!',544,352},
                     {33'!',66'B',576,352},
                     {66'B',66'B',608,352},
                     {66'B',66'B',640,352},
                     {66'B',66'B',672,352},
                     {66'B',66'B',704,352},
                     {66'B',132,736,352},
                     {99'c',33'!',768,352},
                     {132,33'!',800,352},
                     {33'!',99'c',832,352},
                     {66'B',99'c',864,352},
                     {66'B',99'c',896,352},
                     {132,132,928,352},
                     {66'B',66'B',960,352},
                     {66'B',66'B',992,352},
                     {66'B',66'B',1024,352},
                     {66'B',66'B',1056,352},
                     {66'B',66'B',1088,352},
                     {66'B',66'B',1120,352},
                     ...
    trees_info = {
                   {400,32' '},
                   {416,48'0'},
                   {432,80'P'},
                   {1120,96'`'},
                   {1136,96'`'},
                   {432,112'p'},
                   {448,112'p'},
                   {1056,112'p'},
                   {448,128},
                   {1024,128},
                   {1104,128},
                   {688,144},
                   {1088,144},
                   {432,160},
                   {720,160},
                   {1216,160},
                   {1152,160},
                   {1184,160},
                   {448,176},
                   {656,176},
                   {1072,176},
                   {1088,176},
                   {432,192},
                   {656,192},
                   {720,192},
                   {1136,192},
                   {688,208},
                   {1056,208},
                   {416,224},
                   {640,224},
                   {752,224},
                   {1200,224},
                   {48'0',240},
                   {432,240},
                   {624,240},
                   {1120,240},
                   {1152,240},
                   {16,256},
                   {64'@',256},
                   {400,256},
                   {672,256},
                   {720,256},
                   {1200,256},
                   {80'P',272},
                   {32' ',272},
                   {48'0',272},
                   {416,272},
                   {688,272},
                   {768,272},
                   {1120,272},
                   {1168,272},
                   {1232,272},
                   {96'`',288},
                   {64'@',288},
                   {128,304},
                   {80'P',304},
                   {160,320},
                   {64'@',320},
                   {80'P',336},
                   {512,400},
                   {448,400},
                   {528,400},
                   {496,416},
                   {864,432},
                   {480,448},
                   {560,448},
                   {912,448},
                   {512,464},
                   {544,464},
                   {880,464},
                   {1168,464},
                   {1216,464},
                   {272,480},
                   {880,480},
                   {1184,480},
                   {208,496},
                   {240,496},
                   {576,496},
                   {848,496},
                   {1232,496},
                   {912,512},
                   {208,528},
                   {224,528},
                   {288,528},
                   {848,528},
                   {944,528},
                   {176,544},
                   {272,544},
                   {864,544},
                   {896,544},
                   {912,544},
                   {1200,544},
                   {240,560},
                   {208,576},
                   {176,576},
                   {304,576},
                   {896,576},
                   {864,576},
                   {928,576},
                   {272,592},
                   {240,592},
                   {336,592},
                   {896,592},
                   {208,608},
                   {176,608},
                   {224,624},
                   {272,624},
                   {304,624},
                   {912,624},
                   {880,624},
                   {256,640},
                   {288,640},
                   {320,640},
                   {896,640},
                   {864,640},
                   {224,656},
                   {176,672},
                   {288,672},
                   {256,672},
                   {240,688},
                   {304,688},
                   {912,688},
                   {208,704},
                   {336,704},
                   {256,704},
                   {864,704},
                   {272,720},
                   {576,720},
                   {896,720},
                   {592,736},
                   {544,752},
                   {352,832},
                   {800,848},
                   {496,864}
                 }
    spr_tree = 1
    spr_destination = 2
    spr_selectors = 3
    spr_marine_n = 4
    spr_marine_ne = 11
    spr_marine_nw = <no value>
    spr_marine_e = <no value>
    spr_marine_s = <no value>
    spr_marine_se = <no value>
    spr_marine_sw = <no value>
    spr_marine_w = <no value>
    spr_vce_n = 12
    spr_vce_s = 13
    spr_vce_w = 14
    spr_vce_e = 15
    spr_vce_ne = 16
    spr_vce_nw = 17
    spr_vce_se = 18
    spr_vce_sw = 19
    spr_create_command_center = 20
    spr_create_barracks = 21
    spr_create_factory = 22
    spr_create_power = 23
    spr_create_tower = 24
    spr_create_marine = 25
    spr_create_vce = 26
    spr_create_tank = 27
    spr_create_viper = 28
    spr_create_goliath = 29
    spr_create_relay = 30
    spr_create_mine = 31
    spr_create_dido = 32' '
    spr_command_center = 33'!'
    spr_barracks = 34'"'
    spr_factory = 35'#'
    spr_power = 36'$'
    spr_tower = 37'%'
    spr_build_command_center = 38'&'
    spr_build_barracks = 39'''
    spr_build_factory = 40'('
    spr_build_power = 41')'
    spr_build_tower = 42'*'
    global_mouse_button = 1
    obj_control = 1
    obj_selectors = 2
    marine_target_x = 0
    marine_target_y = 0
    obj_vce = 5
    obj_command_center = 6
    obj_create_command_center = 8
    vce_target_x = 1
    vce_target_y = 2
    vce_selected = 3
    vce_life = 4
    vce_totallife = 5
    obj_tree = 3
    obj_marine = 4
    build_command_center_move = <no value>
    obj_build_command_center = 7
    i = 134
    i = 50'2'
    i = 20
    fn = <no value>
    i = <no value>
    i = <no value>


